<?xml version="1.0" encoding="UTF-8"?>
<!-- Generated by org.testng.reporters.JUnitReportReporter -->
<testsuite hostname="LAPTOP-6JLE5TPP" failures="0" tests="2" name="Capstone_TestCases.TC1" time="49.926" errors="0" timestamp="2023-06-20T12:44:43 IST" skipped="0">
  <testcase classname="Capstone_TestCases.TC1" name="DemoScenario" time="24.204"/>
  <system-out/>
  <testcase classname="Capstone_TestCases.TC1" name="DemoScenario" time="25.722"/>
  <system-out/>
</testsuite> <!-- Capstone_TestCases.TC1 -->
