<?xml version="1.0" encoding="UTF-8"?>
<!-- Generated by org.testng.reporters.JUnitReportReporter -->
<testsuite hostname="LAPTOP-6JLE5TPP" failures="0" tests="1" name="Capstone_TestCases.TC2_TestNg" time="24.389" errors="0" timestamp="2023-06-19T23:52:09 IST" skipped="0">
  <testcase classname="Capstone_TestCases.TC2_TestNg" name="scenarioDemo" time="24.389"/>
  <system-out/>
</testsuite> <!-- Capstone_TestCases.TC2_TestNg -->
