<?xml version="1.0" encoding="UTF-8"?>
<!-- Generated by org.testng.reporters.JUnitReportReporter -->
<testsuite hostname="LAPTOP-6JLE5TPP" failures="0" tests="1" name="Capstone_TestCases.TC4_TestNg" time="16.535" errors="0" timestamp="2023-06-20T12:09:00 IST" skipped="0">
  <testcase classname="Capstone_TestCases.TC4_TestNg" name="scenarioDemo" time="16.535"/>
  <system-out/>
</testsuite> <!-- Capstone_TestCases.TC4_TestNg -->
