<?xml version="1.0" encoding="UTF-8"?>
<!-- Generated by org.testng.reporters.JUnitReportReporter -->
<testsuite hostname="LAPTOP-6JLE5TPP" failures="0" tests="1" name="Capstone_TestCases.TC1_TestNg" time="25.870" errors="0" timestamp="2023-06-20T13:34:46 IST" skipped="0">
  <testcase classname="Capstone_TestCases.TC1_TestNg" name="scenarioDemo" time="25.870"/>
  <system-out/>
</testsuite> <!-- Capstone_TestCases.TC1_TestNg -->
