<?xml version="1.0" encoding="UTF-8"?>
<!-- Generated by org.testng.reporters.JUnitReportReporter -->
<testsuite hostname="LAPTOP-6JLE5TPP" failures="0" tests="2" name="Capstone_TestCases.TC6" time="20.812" errors="0" timestamp="20 Jun 2023 07:24:01 GMT" skipped="0">
  <testcase classname="Capstone_TestCases.TC6" name="DemoScenario" time="8.743"/>
  <testcase classname="Capstone_TestCases.TC6" name="DemoScenario" time="12.069"/>
</testsuite> <!-- Capstone_TestCases.TC6 -->
