<?xml version="1.0" encoding="UTF-8"?>
<!-- Generated by org.testng.reporters.JUnitReportReporter -->
<testsuite hostname="LAPTOP-6JLE5TPP" failures="0" tests="2" name="Capstone_TestCases.TC5" time="74.000" errors="0" timestamp="20 Jun 2023 07:24:01 GMT" skipped="0">
  <testcase classname="Capstone_TestCases.TC5" name="DemoScenario" time="34.007"/>
  <testcase classname="Capstone_TestCases.TC5" name="DemoScenario" time="39.993"/>
</testsuite> <!-- Capstone_TestCases.TC5 -->
